no service pad
service timestamps debug datetime msec
service timestamps log datetime msec
no service password-encryption
!
hostname Mgmt
!
boot-start-marker
boot-end-marker
!
no logging console
enable secret 5 $1$nMm7$JSW4TqF/soW2aSSr1hR6p.
!
username NetManWzhjc secret 5 $1$PcKq$40hPlzGZW9e1hDzCcL5RI1
username NetAdminWzhjc secret 5 $1$lT6R$dTbVyQbR9xJVfv2gabcxY1
aaa new-model
!
!
aaa authentication login AUTH group tacacs+ local
!
!
!
!
!
!
aaa session-id common
clock timezone sgt 8 0
switch 1 provision ws-c2960x-24ts-l
!
!
ip domain-name wzhjc.com
!
!
!
!
!
!
!
!
spanning-tree mode pvst
spanning-tree extend system-id
!
!
!
!
vlan internal allocation policy ascending
!
!
!
!
!
!
!
!
!
!
!
interface FastEthernet0
 no ip address
 shutdown
!
interface GigabitEthernet1/0/1
!
interface GigabitEthernet1/0/2
!
interface GigabitEthernet1/0/3
!
interface GigabitEthernet1/0/4
!
interface GigabitEthernet1/0/5
!
interface GigabitEthernet1/0/6
!
interface GigabitEthernet1/0/7
!
interface GigabitEthernet1/0/8
!
interface GigabitEthernet1/0/9
!
interface GigabitEthernet1/0/10
!
interface GigabitEthernet1/0/11
!
interface GigabitEthernet1/0/12
!
interface GigabitEthernet1/0/13
!
interface GigabitEthernet1/0/14
!
interface GigabitEthernet1/0/15
!
interface GigabitEthernet1/0/16
!
interface GigabitEthernet1/0/17
!
interface GigabitEthernet1/0/18
!
interface GigabitEthernet1/0/19
!
interface GigabitEthernet1/0/20
!
interface GigabitEthernet1/0/21
!
interface GigabitEthernet1/0/22
!
interface GigabitEthernet1/0/23
!
interface GigabitEthernet1/0/24
!
interface GigabitEthernet1/0/25
!
interface GigabitEthernet1/0/26
!
interface GigabitEthernet1/0/27
!
interface GigabitEthernet1/0/28
!
interface Vlan1
 ip address 192.168.0.82 255.255.255.240
 no shutdown
!
ip http server
ip http secure-server
!
ip ssh version 2
!
logging host 192.168.0.83
!
tacacs server TACACSERVER
 address ipv4 192.168.0.83
 key S!t!ct@wzhjc55
!
!
!
!
line con 0
line vty 0 4
 login authentication AUTH
 transport input ssh
line vty 5 15
 login authentication AUTH
 transport input ssh
!
ntp server 192.168.0.84
end
