sh run
Building configuration...

Current configuration : 1625 bytes
!
! Last configuration change at 15:00:36 UTC Fri Jul 16 2021
!
version 15.4
service timestamps debug datetime msec
service timestamps log datetime msec
no service password-encryption
!
hostname R2
!
boot-start-marker
boot-end-marker
!
!
vrf definition Mgmt-vrf
 !
 address-family ipv4
 exit-address-family
!
enable secret 5 $1$oTXf$6xD9WDjQQKLH/zvtoEOtP/
!
no aaa new-model
!
!
!
!
!
!
!
!
!
!
!
!
!
!
ip domain name wzhjc.com
ip cef
no ipv6 cef
!
multilink bundle-name authenticated
!
!
cts logging verbose
!
!
license udi pid CISCO2911/K9 sn FGL200611AY
!
!
username rack_04 secret 5 $1$2kOI$Rw3bE8EwmHqkAI3.etoKt.
!
redundancy
!
!
!
!
!
ip ssh version 2
! 
!
!
!
!
!
!
!
!
!
interface Embedded-Service-Engine0/0
 no ip address
 shutdown
!
interface GigabitEthernet0/0
 no ip address
 shutdown
 duplex auto
 speed auto
!
interface GigabitEthernet0/1
 no ip address
 shutdown
 duplex auto
 speed auto
!
interface GigabitEthernet0/2
 vrf forwarding Mgmt-vrf
 ip address 192.168.0.85 255.255.255.240
 duplex auto
 speed auto
!
interface Serial0/0/0
 no ip address
 shutdown
 clock rate 2000000
!
interface Serial0/0/1
 no ip address
 shutdown
 clock rate 2000000
!
ip forward-protocol nd
!
no ip http server
no ip http secure-server
!
ip route vrf Mgmt-vrf 192.168.0.80 255.255.255.240 192.168.0.82
!
!
!
!
control-plane
!
!
!
line con 0
line aux 0
line 2
 no activation-character
 no exec
 transport preferred none
 transport output pad telnet rlogin lapb-ta mop udptn v120 ssh
 stopbits 1
line vty 0 4
 login local
 transport input ssh
line vty 5 15
 login local
 transport input ssh
!
scheduler allocate 20000 1000
!
end

R2#