no service pad
service timestamps debug datetime msec
service timestamps log datetime msec
no service password-encryption
!
hostname S1
!
boot-start-marker
boot-end-marker
!
enable secret 5 $1$eyF/$9r6qssc/o04iC1hqu29fz/
!
username rack_04 secret 5 $1$BEXW$2UOV/ZzcH5.XBKvjLicSM/
username NetManWzhjc view MANAGER secret 5 $1$Of.Y$TBGMeFF0RQ4VKJgMDqxB0.
username NetAdminWzhjc view ADMIN secret 5 $1$VAK0$TmtAYMjpi5oKrYk1JbKM31
aaa new-model
!
!
aaa authentication login AUTH group tacacs+ local
aaa authorization exec EXEC-LIST-LOCAL local
aaa accounting exec default start-stop group tacacs+
aaa accounting commands 15 default stop-only group tacacs+
!
!
!
!
!
!
aaa session-id common
clock timezone sgt 8 0
system mtu routing 1500
!
!
ip domain-name wzhjc.com
!
!
!
!
!
!
!
!
spanning-tree mode pvst
spanning-tree extend system-id
!
vlan internal allocation policy ascending
!
ip ssh version 2
!
!
!
!
!
interface FastEthernet0/1
 switchport mode trunk
!
interface FastEthernet0/2
 switchport mode trunk
!
interface FastEthernet0/3
!
interface FastEthernet0/4
!
interface FastEthernet0/5
 switchport access vlan 10
!
interface FastEthernet0/6
 switchport access vlan 10
!
interface FastEthernet0/7
 switchport access vlan 10
!
interface FastEthernet0/8
 switchport access vlan 10
!
interface FastEthernet0/9
 switchport access vlan 10
!
interface FastEthernet0/10
 switchport access vlan 10
!
interface FastEthernet0/11
 switchport access vlan 10
!
interface FastEthernet0/12
 switchport access vlan 10
!
interface FastEthernet0/13
 switchport access vlan 10
!
interface FastEthernet0/14
 switchport access vlan 10
!
interface FastEthernet0/15
 switchport access vlan 10
!
interface FastEthernet0/16
 switchport access vlan 10
!
interface FastEthernet0/17
 switchport access vlan 10
!
interface FastEthernet0/18
 switchport access vlan 10
!
interface FastEthernet0/19
 switchport access vlan 40
!
interface FastEthernet0/20
 switchport access vlan 40
!
interface FastEthernet0/21
!
interface FastEthernet0/22
!
interface FastEthernet0/23
!
interface FastEthernet0/24
!
interface GigabitEthernet0/1
!
interface GigabitEthernet0/2
!
interface Vlan1
 ip address 192.168.0.89 255.255.255.240
!
interface Vlan10
 no ip address
!
interface Vlan40
 no ip address
!
ip http server
ip http secure-server
logging trap notifications
tacacs server TACACSVR
 address ipv4 192.168.0.83
 key S!t!ct@wzhjc55
!
!
!
vstack
parser view SHOWVIEW
 secret 5 $1$nef5$VoRmCiAMKMjPk2cVzLt/80
 commands exec include show version
 commands exec include show
!
parser view VERIFYVIEW
 secret 5 $1$SyIS$8601CqDwgYopf5zUgoOhx.
 commands exec include ping
!
parser view CONFIGVIEW
 secret 5 $1$fvOG$jFH1xwtRC7qkJWq0IeyYa1
 commands configure include interface
 commands exec include configure terminal
 commands exec include configure
!
parser view MANAGER superview
 secret 5 $1$2d./$CncqubZNeFzBaPrSmKv2S/
 view SHOWVIEW
 view VERIFYVIEW
!
parser view ADMIN superview
 secret 5 $1$afAN$HTkuZ4av9cCWS3CYsLzBb/
 view SHOWVIEW
 view VERIFYVIEW
 view CONFIGVIEW
!
!
line con 0
line vty 0 4
 authorization exec EXEC-LIST-LOCAL
 login authentication AUTH
 transport input ssh
line vty 5 15
 authorization exec EXEC-LIST-LOCAL
 login authentication AUTH
 transport input ssh
!
ntp server 192.168.0.84
end