no service pad
service timestamps debug datetime msec
service timestamps log datetime msec
no service password-encryption
!
hostname S2
!
boot-start-marker
boot-end-marker
!
enable secret 5 $1$9YX9$UbNwEGTvrAXliJRr4GB5E/
!
username rack_04 secret 5 $1$jHAW$hF4HdO4VpIJWUsVrO02qX/
aaa new-model
!
!
aaa authentication login AUTH group tacacs+ local
!
!
!
!
!
!
aaa session-id common
clock timezone sgt 8 0
system mtu routing 1500
!
!
ip domain-name wzhjc.com
!
!
!
!
!
!
!
!
spanning-tree mode pvst
spanning-tree extend system-id
!
vlan internal allocation policy ascending
!
ip ssh version 2
!
!
!
!
!
interface FastEthernet0/1
 switchport mode trunk
!
interface FastEthernet0/2
 switchport mode trunk
!
interface FastEthernet0/3
!
interface FastEthernet0/4
!
interface FastEthernet0/5
 switchport access vlan 20
 switchport mode access
!
interface FastEthernet0/6
 switchport access vlan 20
 switchport mode access
!
interface FastEthernet0/7
 switchport access vlan 20
 switchport mode access
!
interface FastEthernet0/8
 switchport access vlan 20
 switchport mode access
!
interface FastEthernet0/9
 switchport access vlan 20
 switchport mode access
!
interface FastEthernet0/10
 switchport access vlan 20
 switchport mode access
!
interface FastEthernet0/11
 switchport access vlan 20
 switchport mode access
!
interface FastEthernet0/12
 switchport access vlan 20
 switchport mode access
!
interface FastEthernet0/13
 switchport access vlan 20
 switchport mode access
!
interface FastEthernet0/14
 switchport access vlan 20
 switchport mode access
!
interface FastEthernet0/15
 switchport access vlan 20
 switchport mode access
!
interface FastEthernet0/16
 switchport access vlan 20
 switchport mode access
!
interface FastEthernet0/17
 switchport access vlan 20
 switchport mode access
!
interface FastEthernet0/18
 switchport access vlan 20
 switchport mode access
!
interface FastEthernet0/19
 switchport access vlan 30
 switchport mode access
!
interface FastEthernet0/20
 switchport access vlan 30
 switchport mode access
!
interface FastEthernet0/21
 switchport access vlan 30
 switchport mode access
!
interface FastEthernet0/22
 switchport access vlan 30
 switchport mode access
!
interface FastEthernet0/23
 switchport access vlan 30
 switchport mode access
!
interface FastEthernet0/24
 switchport mode access
!
interface GigabitEthernet0/1
!
interface GigabitEthernet0/2
!
interface Vlan1
 ip address 192.168.0.90 255.255.255.240
!
interface Vlan20
 no ip address
!
ip http server
ip http secure-server
tacacs server TACACSERVER
 address ipv4 192.168.0.83
 key S!t!ct@wzhjc55
!
!
!
vstack
!
line con 0
line vty 0 4
 login authentication AUTH
 transport input ssh
line vty 5 15
 login authentication AUTH
 transport input ssh
!
ntp server 192.168.0.84
end